<?xml version="1.0" encoding="UTF-8"?>
<!-- Generated by org.testng.reporters.JUnitReportReporter -->
<testsuite hostname="JensonVarghese-W11" failures="0" tests="1"
	name="TestNGTutorial.day2" time="0.001" errors="0"
	timestamp="2023-12-01T12:28:08 IST" skipped="0">
	<testcase classname="TestNGTutorial.day2" name="ploan" time="0.001" />
	<system-out />
</testsuite> <!-- TestNGTutorial.day2 -->
