<?xml version="1.0" encoding="UTF-8"?>
<!-- Generated by org.testng.reporters.JUnitReportReporter -->
<testsuite hostname="JensonVarghese-W11" failures="0" tests="3"
	name="TestNGTutorial.day4" time="0.006" errors="0"
	timestamp="2023-12-01T12:28:08 IST" skipped="0">
	<testcase classname="TestNGTutorial.day4" name="loginAPIHomeLoan"
		time="0.002" />
	<system-out />
	<testcase classname="TestNGTutorial.day4" name="mobileLoginHomeLoan"
		time="0.002" />
	<system-out />
	<testcase classname="TestNGTutorial.day4" name="webLoginHomeLoan"
		time="0.002" />
	<system-out />
</testsuite> <!-- TestNGTutorial.day4 -->
